[LOG] System::create                           : Header version = 2.01.05. Current version = 2.01.05.
[LOG] Manager::init                            : maxchannels = 256 studioflags = 00000006 flags 00000000 extradriverdata 0000000000000000.
[LOG] SystemI::init                            : Initialize version=20105 (112138), maxchannels=256, flags=0x00020000
[LOG] SystemI::setOutputInternal               : Setting output to 'FMOD WASAPI Output'
[LOG] OutputWASAPI::init                       : Mix Format (WAVEFORMATEX): wFormatTag=0xFFFE, nChannels=2, nSamplesPerSec=96000, nAvgBytesPerSec=768000, nBlockAlign=8, wBitsPerSample=32, cbSize=22.
[LOG] OutputWASAPI::init                       : Mix Format (WAVEFORMATEXTENSIBLE): wValidBitsPerSample=32, dwChannelMask=0x00000003, SubFormat=00000003-0000-0010-8000-00AA00389B71.
[LOG] OutputWASAPI::init                       : Output buffer size: 8192 samples, latency: 0.00ms, period: 10.00ms, DSP buffer: 1024 * 4
[WRN] SystemI::init                            : Output requires a sample rate of 96000Hz, resampling will occur.
[LOG] Thread::initThread                       : Init FMOD stream thread. Affinity: 0x8000000000000003, Priority: 0xFFFF7FFB, Stack Size: 98304, Semaphore: No, Sleep Time: 10, Looping: Yes.
[LOG] Thread::initThread                       : Init FMOD mixer thread. Affinity: 0x8000000000000001, Priority: 0xFFFF7FFA, Stack Size: 81920, Semaphore: No, Sleep Time: 0, Looping: Yes.
[LOG] AsyncManager::init                       : manager 000002B04754E038 isAsync 0 updatePeriod 0.02
[LOG] AsyncManager::init                       : done
[LOG] PlaybackSystem::init                     : 
[LOG] Thread::initThread                       : Init FMOD Studio sample load thread. Affinity: 0x8000000000000003, Priority: 0xFFFF7FFD, Stack Size: 98304, Semaphore: No, Sleep Time: 1, Looping: No.
[LOG] PlaybackSystem::init                     : done
[LOG] Thread::initThread                       : Init FMOD Studio bank load thread. Affinity: 0x8000000000000003, Priority: 0xFFFF7FFD, Stack Size: 98304, Semaphore: No, Sleep Time: 1, Looping: No.
[LOG] Manager::init                            : done.
[LOG] Manager::readBank                        : fileversion = 135, compatVersion = 132 (oldest = 44, newest = 135)
[LOG] SystemI::createSoundInternal             : Create name='', mode=0x02000202
[LOG] SystemI::createSoundInternal             : exinfo->cbsize             = 224
[LOG] SystemI::createSoundInternal             : exinfo->length             = 1997760
[LOG] SystemI::createSoundInternal             : exinfo->fileoffset         = 15520
[LOG] SystemI::createSoundInternal             : exinfo->numsubsounds       = 1
[LOG] SystemI::createSoundInternal             : exinfo->inclusionlist      = 000000F053A0EFF8
[LOG] SystemI::createSoundInternal             : exinfo->inclusionlistnum   = 1
[LOG] SystemI::createSoundInternal             : exinfo->suggestedsoundtype = 5
[LOG] SystemI::createSoundInternal             : exinfo->useropen           = 00007FFED21F7E30
[LOG] SystemI::createSoundInternal             : exinfo->userclose          = 00007FFED21F7E00
[LOG] SystemI::createSoundInternal             : exinfo->userread           = 00007FFED21F7F00
[LOG] SystemI::createSoundInternal             : exinfo->userseek           = 00007FFED21F7FC0
[LOG] SystemI::createSoundInternal             : exinfo->fileuserdata       = 000002B0F5D82B28
[LOG] SystemI::createSoundInternal             : exinfo->initialseekpostype = 1
[LOG] SystemI::DSPCodecPoolRegister            : register codec pool for pool type 5
[LOG] SystemI::createSoundInternal             : Sample 0/1: name='Police-Loop', format=5, channels=1, frequency=48000, lengthbytes=29856, lengthpcm=220682, pcmblocksize=0, loopstart=0, loopend=0, mode=0x00000000, channelmask=0x00000000, channelorder=0, peakvolume=0.999969.
[LOG] SystemI::createSoundInternal             : Create name='', mode=0x02000202
[LOG] SystemI::createSoundInternal             : exinfo->cbsize             = 224
[LOG] SystemI::createSoundInternal             : exinfo->length             = 1997760
[LOG] SystemI::createSoundInternal             : exinfo->fileoffset         = 15520
[LOG] SystemI::createSoundInternal             : exinfo->numsubsounds       = 1
[LOG] SystemI::createSoundInternal             : exinfo->inclusionlist      = 000000F053A0EFF8
[LOG] SystemI::createSoundInternal             : exinfo->inclusionlistnum   = 1
[LOG] SystemI::createSoundInternal             : exinfo->suggestedsoundtype = 5
[LOG] SystemI::createSoundInternal             : exinfo->useropen           = 00007FFED21F7E30
[LOG] SystemI::createSoundInternal             : exinfo->userclose          = 00007FFED21F7E00
[LOG] SystemI::createSoundInternal             : exinfo->userread           = 00007FFED21F7F00
[LOG] SystemI::createSoundInternal             : exinfo->userseek           = 00007FFED21F7FC0
[LOG] SystemI::createSoundInternal             : exinfo->fileuserdata       = 000002B0F5D82B28
[LOG] SystemI::createSoundInternal             : exinfo->initialseekpostype = 1
[LOG] SystemI::DSPCodecPoolRegister            : register codec pool for pool type 5
[LOG] SystemI::createSoundInternal             : Sample 0/1: name='Coche1', format=5, channels=1, frequency=48000, lengthbytes=42400, lengthpcm=278360, pcmblocksize=0, loopstart=0, loopend=0, mode=0x00000000, channelmask=0x00000000, channelorder=0, peakvolume=0.767975.
[LOG] SystemI::createSoundInternal             : Create name='', mode=0x02000202
[LOG] SystemI::createSoundInternal             : exinfo->cbsize             = 224
[LOG] SystemI::createSoundInternal             : exinfo->length             = 1997760
[LOG] SystemI::createSoundInternal             : exinfo->fileoffset         = 15520
[LOG] SystemI::createSoundInternal             : exinfo->numsubsounds       = 1
[LOG] SystemI::createSoundInternal             : exinfo->inclusionlist      = 000000F053A0EFF8
[LOG] SystemI::createSoundInternal             : exinfo->inclusionlistnum   = 1
[LOG] SystemI::createSoundInternal             : exinfo->suggestedsoundtype = 5
[LOG] SystemI::createSoundInternal             : exinfo->useropen           = 00007FFED21F7E30
[LOG] SystemI::createSoundInternal             : exinfo->userclose          = 00007FFED21F7E00
[LOG] SystemI::createSoundInternal             : exinfo->userread           = 00007FFED21F7F00
[LOG] SystemI::createSoundInternal             : exinfo->userseek           = 00007FFED21F7FC0
[LOG] SystemI::createSoundInternal             : exinfo->fileuserdata       = 000002B0F5D82B28
[LOG] SystemI::createSoundInternal             : exinfo->initialseekpostype = 1
[LOG] SystemI::DSPCodecPoolRegister            : register codec pool for pool type 5
[LOG] SystemI::createSoundInternal             : Sample 0/1: name='Camion', format=5, channels=2, frequency=48000, lengthbytes=62272, lengthpcm=243252, pcmblocksize=0, loopstart=0, loopend=0, mode=0x00000000, channelmask=0x00000000, channelorder=0, peakvolume=0.923096.
[LOG] SystemI::createSoundInternal             : Create name='', mode=0x02000202
[LOG] SystemI::createSoundInternal             : exinfo->cbsize             = 224
[LOG] SystemI::createSoundInternal             : exinfo->length             = 1997760
[LOG] SystemI::createSoundInternal             : exinfo->fileoffset         = 15520
[LOG] SystemI::createSoundInternal             : exinfo->numsubsounds       = 1
[LOG] SystemI::createSoundInternal             : exinfo->inclusionlist      = 000000F053A0EFF8
[LOG] SystemI::createSoundInternal             : exinfo->inclusionlistnum   = 1
[LOG] SystemI::createSoundInternal             : exinfo->suggestedsoundtype = 5
[LOG] SystemI::createSoundInternal             : exinfo->useropen           = 00007FFED21F7E30
[LOG] SystemI::createSoundInternal             : exinfo->userclose          = 00007FFED21F7E00
[LOG] SystemI::createSoundInternal             : exinfo->userread           = 00007FFED21F7F00
[LOG] SystemI::createSoundInternal             : exinfo->userseek           = 00007FFED21F7FC0
[LOG] SystemI::createSoundInternal             : exinfo->fileuserdata       = 000002B0F5D82B28
[LOG] SystemI::createSoundInternal             : exinfo->initialseekpostype = 1
[LOG] SystemI::DSPCodecPoolRegister            : register codec pool for pool type 5
[LOG] SystemI::createSoundInternal             : Sample 0/1: name='Coche', format=5, channels=1, frequency=48000, lengthbytes=37408, lengthpcm=252029, pcmblocksize=0, loopstart=0, loopend=0, mode=0x00000000, channelmask=0x00000000, channelorder=0, peakvolume=0.909851.
[LOG] SystemI::createSound                     : filename = ..\DBL_FLS\Build\Desktop/Master.bank : mode 02010082
[LOG] SystemI::createSound                     : FMOD_NONBLOCKING specified.  Putting into queue to be opened asynchronously!
[LOG] SystemI::createSound                     : setdata soundi = 000002B11261FCB8 : node = 000002B0FA29CBF0
[LOG] SystemI::createSound                     : add node to async list : head = 000002B0AA4FEA38.  list count = 0
[LOG] AsyncThread::threadFunc                  : Starting Asynchronous operation on sound 000002B11261FCB8
[LOG] SystemI::createSoundInternal             :     Create name='..\DBL_FLS\Build\Desktop/Master.bank', mode=0x02010082
[LOG] SystemI::createSoundInternal             :     exinfo->cbsize             = 224
[LOG] SystemI::createSoundInternal             :     exinfo->length             = 1997760
[LOG] SystemI::createSoundInternal             :     exinfo->fileoffset         = 15520
[LOG] SystemI::createSoundInternal             :     exinfo->numsubsounds       = 1
[LOG] SystemI::createSoundInternal             :     exinfo->inclusionlist      = 000002B0FA29CD00
[LOG] SystemI::createSoundInternal             :     exinfo->inclusionlistnum   = 1
[LOG] SystemI::createSoundInternal             :     exinfo->suggestedsoundtype = 5
[LOG] SystemI::createSoundInternal             :     exinfo->initialseekpostype = 1
[LOG] SystemI::createSoundInternal             :     Stream 0/1: name='russian-man-yelling', format=5, channels=2, frequency=48000, lengthbytes=494688, lengthpcm=2240679, pcmblocksize=0, loopstart=0, loopend=0, mode=0x00000000, channelmask=0x00000000, channelorder=0, peakvolume=0.999969.
[LOG] AsyncThread::threadFunc                  : Finished Asynchronous operation on sound 000002B11261FCB8
[LOG] AsyncThread::threadFunc                  : Starting Asynchronous operation on sound 000002B112620018
[LOG] AsyncThread::threadFunc                  : Finished Asynchronous operation on sound 000002B112620018
[LOG] SystemI::createSound                     : filename = ..\DBL_FLS\Build\Desktop/Master.bank : mode 02010082
[LOG] SystemI::createSound                     : FMOD_NONBLOCKING specified.  Putting into queue to be opened asynchronously!
[LOG] SystemI::createSound                     : setdata soundi = 000002B0ACACB2A8 : node = 000002B0F546B530
[LOG] SystemI::createSound                     : add node to async list : head = 000002B0AA4FEA38.  list count = 0
[LOG] AsyncThread::threadFunc                  : Starting Asynchronous operation on sound 000002B0ACACB2A8
[LOG] SystemI::createSoundInternal             :     Create name='..\DBL_FLS\Build\Desktop/Master.bank', mode=0x02010082
[LOG] SystemI::createSoundInternal             :     exinfo->cbsize             = 224
[LOG] SystemI::createSoundInternal             :     exinfo->length             = 1997760
[LOG] SystemI::createSoundInternal             :     exinfo->fileoffset         = 15520
[LOG] SystemI::createSoundInternal             :     exinfo->numsubsounds       = 1
[LOG] SystemI::createSoundInternal             :     exinfo->inclusionlist      = 000002B0F546B640
[LOG] SystemI::createSoundInternal             :     exinfo->inclusionlistnum   = 1
[LOG] SystemI::createSoundInternal             :     exinfo->suggestedsoundtype = 5
[LOG] SystemI::createSoundInternal             :     exinfo->initialseekpostype = 1
[LOG] SystemI::createSoundInternal             :     Stream 0/1: name='TraficoClaxon', format=5, channels=2, frequency=48000, lengthbytes=156960, lengthpcm=671616, pcmblocksize=0, loopstart=0, loopend=0, mode=0x00000000, channelmask=0x00000000, channelorder=0, peakvolume=0.505341.
[LOG] AsyncThread::threadFunc                  : Finished Asynchronous operation on sound 000002B0ACACB2A8
[LOG] Manager::readBank                        : fileversion = 135, compatVersion = 132 (oldest = 44, newest = 135)
[LOG] SystemI::createSound                     : filename = ..\DBL_FLS\Build\Desktop/Master.bank : mode 02010082
[LOG] SystemI::createSound                     : FMOD_NONBLOCKING specified.  Putting into queue to be opened asynchronously!
[LOG] SystemI::createSound                     : setdata soundi = 000002B1106F9EA8 : node = 000002B0A8BC4A10
[LOG] SystemI::createSound                     : add node to async list : head = 000002B0AA4FEA38.  list count = 0
[LOG] AsyncThread::threadFunc                  : Starting Asynchronous operation on sound 000002B1106F9EA8
[LOG] SystemI::createSoundInternal             :     Create name='..\DBL_FLS\Build\Desktop/Master.bank', mode=0x02010082
[LOG] SystemI::createSoundInternal             :     exinfo->cbsize             = 224
[LOG] SystemI::createSoundInternal             :     exinfo->length             = 1997760
[LOG] SystemI::createSoundInternal             :     exinfo->fileoffset         = 15520
[LOG] SystemI::createSoundInternal             :     exinfo->numsubsounds       = 1
[LOG] SystemI::createSoundInternal             :     exinfo->inclusionlist      = 000002B0A8BC4B20
[LOG] SystemI::createSoundInternal             :     exinfo->inclusionlistnum   = 1
[LOG] SystemI::createSoundInternal             :     exinfo->suggestedsoundtype = 5
[LOG] SystemI::createSoundInternal             :     exinfo->initialseekpostype = 1
[LOG] SystemI::createSoundInternal             :     Stream 0/1: name='TraficoClaxon', format=5, channels=2, frequency=48000, lengthbytes=156960, lengthpcm=671616, pcmblocksize=0, loopstart=0, loopend=0, mode=0x00000000, channelmask=0x00000000, channelorder=0, peakvolume=0.505341.
[LOG] AsyncThread::threadFunc                  : Finished Asynchronous operation on sound 000002B1106F9EA8
[LOG] SoundI::release                          : russian-man-yelling (000002B11261FCB8)
[LOG] SoundI::release                          :     russian-man-yelling (000002B0A8F5D248)
[LOG] SoundI::release                          :     russian-man-yelling (000002B112620018)
[LOG] SystemI::createSound                     : filename = ..\DBL_FLS\Build\Desktop/Master.bank : mode 02010082
[LOG] SystemI::createSound                     : FMOD_NONBLOCKING specified.  Putting into queue to be opened asynchronously!
[LOG] SystemI::createSound                     : setdata soundi = 000002B1106F9B48 : node = 000002B0A8BC4B50
[LOG] SystemI::createSound                     : add node to async list : head = 000002B0AA4FEA38.  list count = 0
[LOG] AsyncThread::threadFunc                  : Starting Asynchronous operation on sound 000002B1106F9B48
[LOG] SystemI::createSoundInternal             :     Create name='..\DBL_FLS\Build\Desktop/Master.bank', mode=0x02010082
[LOG] SystemI::createSoundInternal             :     exinfo->cbsize             = 224
[LOG] SystemI::createSoundInternal             :     exinfo->length             = 1997760
[LOG] SystemI::createSoundInternal             :     exinfo->fileoffset         = 15520
[LOG] SystemI::createSoundInternal             :     exinfo->numsubsounds       = 1
[LOG] SystemI::createSoundInternal             :     exinfo->inclusionlist      = 000002B0A8BC4C60
[LOG] SystemI::createSoundInternal             :     exinfo->inclusionlistnum   = 1
[LOG] SystemI::createSoundInternal             :     exinfo->suggestedsoundtype = 5
[LOG] SystemI::createSoundInternal             :     exinfo->initialseekpostype = 1
[LOG] SystemI::createSoundInternal             :     Stream 0/1: name='TraficoClaxon', format=5, channels=2, frequency=48000, lengthbytes=156960, lengthpcm=671616, pcmblocksize=0, loopstart=0, loopend=0, mode=0x00000000, channelmask=0x00000000, channelorder=0, peakvolume=0.505341.
[LOG] AsyncThread::threadFunc                  : Finished Asynchronous operation on sound 000002B1106F9B48
[LOG] AsyncThread::threadFunc                  : Starting Asynchronous operation on sound 000002B1106F9638
[LOG] AsyncThread::threadFunc                  : Finished Asynchronous operation on sound 000002B1106F9638
[LOG] SoundI::release                          : TraficoClaxon (000002B0ACACB2A8)
[LOG] SoundI::release                          :     TraficoClaxon (000002B0A8F5DA68)
[LOG] SoundI::release                          :     TraficoClaxon (000002B0ACACBB18)
[LOG] SystemI::createSound                     : filename = ..\DBL_FLS\Build\Desktop/Master.bank : mode 02010082
[LOG] SystemI::createSound                     : FMOD_NONBLOCKING specified.  Putting into queue to be opened asynchronously!
[LOG] SystemI::createSound                     : setdata soundi = 000002B0ACACBE78 : node = 000002B0A8BC5190
[LOG] SystemI::createSound                     : add node to async list : head = 000002B0AA4FEA38.  list count = 0
[LOG] AsyncThread::threadFunc                  : Starting Asynchronous operation on sound 000002B0ACACBE78
[LOG] SystemI::createSoundInternal             :     Create name='..\DBL_FLS\Build\Desktop/Master.bank', mode=0x02010082
[LOG] SystemI::createSoundInternal             :     exinfo->cbsize             = 224
[LOG] SystemI::createSoundInternal             :     exinfo->length             = 1997760
[LOG] SystemI::createSoundInternal             :     exinfo->fileoffset         = 15520
[LOG] SystemI::createSoundInternal             :     exinfo->numsubsounds       = 1
[LOG] SystemI::createSoundInternal             :     exinfo->inclusionlist      = 000002B0A8BC52A0
[LOG] SystemI::createSoundInternal             :     exinfo->inclusionlistnum   = 1
[LOG] SystemI::createSoundInternal             :     exinfo->suggestedsoundtype = 5
[LOG] SystemI::createSoundInternal             :     exinfo->initialseekpostype = 1
[LOG] SystemI::createSoundInternal             :     Stream 0/1: name='TraficoClaxon', format=5, channels=2, frequency=48000, lengthbytes=156960, lengthpcm=671616, pcmblocksize=0, loopstart=0, loopend=0, mode=0x00000000, channelmask=0x00000000, channelorder=0, peakvolume=0.505341.
[LOG] AsyncThread::threadFunc                  : Finished Asynchronous operation on sound 000002B0ACACBE78
[LOG] Manager::readBank                        : fileversion = 135, compatVersion = 132 (oldest = 44, newest = 135)
[LOG] SoundI::release                          : TraficoClaxon (000002B1106F9EA8)
[LOG] SoundI::release                          :     TraficoClaxon (000002B0A8F5B6A8)
[LOG] SoundI::release                          :     TraficoClaxon (000002B1106F9998)
[LOG] SoundI::release                          : TraficoClaxon (000002B1106F9B48)
[LOG] SoundI::release                          :     TraficoClaxon (000002B0A8F5B848)
[LOG] SoundI::release                          :     TraficoClaxon (000002B1106F9638)
[LOG] SoundI::release                          : TraficoClaxon (000002B0ACACBE78)
[LOG] SoundI::release                          :     TraficoClaxon (000002B0A8F5BEC8)
[LOG] SoundI::release                          :     TraficoClaxon (000002B0AD481FD8)
[LOG] SystemI::createSound                     : filename = ..\DBL_FLS\Build\Desktop/Master.bank : mode 02010082
[LOG] SystemI::createSound                     : FMOD_NONBLOCKING specified.  Putting into queue to be opened asynchronously!
[LOG] SystemI::createSound                     : setdata soundi = 000002B112620528 : node = 000002B0A901B1E0
[LOG] SystemI::createSound                     : add node to async list : head = 000002B0AA4FEA38.  list count = 0
[LOG] AsyncThread::threadFunc                  : Starting Asynchronous operation on sound 000002B112620528
[LOG] SystemI::createSoundInternal             :     Create name='..\DBL_FLS\Build\Desktop/Master.bank', mode=0x02010082
[LOG] SystemI::createSoundInternal             :     exinfo->cbsize             = 224
[LOG] SystemI::createSoundInternal             :     exinfo->length             = 1997760
[LOG] SystemI::createSoundInternal             :     exinfo->fileoffset         = 15520
[LOG] SystemI::createSoundInternal             :     exinfo->numsubsounds       = 1
[LOG] SystemI::createSoundInternal             :     exinfo->inclusionlist      = 000002B0A901B2F0
[LOG] SystemI::createSoundInternal             :     exinfo->inclusionlistnum   = 1
[LOG] SystemI::createSoundInternal             :     exinfo->suggestedsoundtype = 5
[LOG] SystemI::createSoundInternal             :     exinfo->initialseekpostype = 1
[LOG] SystemI::createSoundInternal             :     Stream 0/1: name='TraficoClaxon', format=5, channels=2, frequency=48000, lengthbytes=156960, lengthpcm=671616, pcmblocksize=0, loopstart=0, loopend=0, mode=0x00000000, channelmask=0x00000000, channelorder=0, peakvolume=0.505341.
[LOG] AsyncThread::threadFunc                  : Finished Asynchronous operation on sound 000002B112620528
[LOG] AsyncThread::threadFunc                  : Starting Asynchronous operation on sound 000002B1126206D8
[LOG] AsyncThread::threadFunc                  : Finished Asynchronous operation on sound 000002B1126206D8
[LOG] Manager::readBank                        : fileversion = 135, compatVersion = 132 (oldest = 44, newest = 135)
[LOG] SystemI::createSound                     : filename = ..\DBL_FLS\Build\Desktop/Master.bank : mode 02010082
[LOG] SystemI::createSound                     : FMOD_NONBLOCKING specified.  Putting into queue to be opened asynchronously!
[LOG] SystemI::createSound                     : setdata soundi = 000002B1106F9B48 : node = 000002B11236FDB0
[LOG] SystemI::createSound                     : add node to async list : head = 000002B0AA4FEA38.  list count = 0
[LOG] AsyncThread::threadFunc                  : Starting Asynchronous operation on sound 000002B1106F9B48
[LOG] SystemI::createSoundInternal             :     Create name='..\DBL_FLS\Build\Desktop/Master.bank', mode=0x02010082
[LOG] SystemI::createSoundInternal             :     exinfo->cbsize             = 224
[LOG] SystemI::createSoundInternal             :     exinfo->length             = 1997760
[LOG] SystemI::createSoundInternal             :     exinfo->fileoffset         = 15520
[LOG] SystemI::createSoundInternal             :     exinfo->numsubsounds       = 1
[LOG] SystemI::createSoundInternal             :     exinfo->inclusionlist      = 000002B11236FEC0
[LOG] SystemI::createSoundInternal             :     exinfo->inclusionlistnum   = 1
[LOG] SystemI::createSoundInternal             :     exinfo->suggestedsoundtype = 5
[LOG] SystemI::createSoundInternal             :     exinfo->initialseekpostype = 1
[LOG] SystemI::createSoundInternal             :     Stream 0/1: name='TraficoClaxon', format=5, channels=2, frequency=48000, lengthbytes=156960, lengthpcm=671616, pcmblocksize=0, loopstart=0, loopend=0, mode=0x00000000, channelmask=0x00000000, channelorder=0, peakvolume=0.505341.
[LOG] AsyncThread::threadFunc                  : Finished Asynchronous operation on sound 000002B1106F9B48
[LOG] AsyncThread::threadFunc                  : Starting Asynchronous operation on sound 000002B0AD481FD8
[LOG] AsyncThread::threadFunc                  : Finished Asynchronous operation on sound 000002B0AD481FD8
[LOG] SystemI::createSound                     : filename = ..\DBL_FLS\Build\Desktop/Master.bank : mode 02010082
[LOG] SystemI::createSound                     : FMOD_NONBLOCKING specified.  Putting into queue to be opened asynchronously!
[LOG] SystemI::createSound                     : setdata soundi = 000002B0AD482848 : node = 000002B0F546B8F0
[LOG] SystemI::createSound                     : add node to async list : head = 000002B0AA4FEA38.  list count = 0
[LOG] AsyncThread::threadFunc                  : Starting Asynchronous operation on sound 000002B0AD482848
[LOG] SystemI::createSoundInternal             :     Create name='..\DBL_FLS\Build\Desktop/Master.bank', mode=0x02010082
[LOG] SystemI::createSoundInternal             :     exinfo->cbsize             = 224
[LOG] SystemI::createSoundInternal             :     exinfo->length             = 1997760
[LOG] SystemI::createSoundInternal             :     exinfo->fileoffset         = 15520
[LOG] SystemI::createSoundInternal             :     exinfo->numsubsounds       = 1
[LOG] SystemI::createSoundInternal             :     exinfo->inclusionlist      = 000002B0F546BA00
[LOG] SystemI::createSoundInternal             :     exinfo->inclusionlistnum   = 1
[LOG] SystemI::createSoundInternal             :     exinfo->suggestedsoundtype = 5
[LOG] SystemI::createSoundInternal             :     exinfo->initialseekpostype = 1
[LOG] SystemI::createSoundInternal             :     Stream 0/1: name='TraficoClaxon', format=5, channels=2, frequency=48000, lengthbytes=156960, lengthpcm=671616, pcmblocksize=0, loopstart=0, loopend=0, mode=0x00000000, channelmask=0x00000000, channelorder=0, peakvolume=0.505341.
[LOG] AsyncThread::threadFunc                  : Finished Asynchronous operation on sound 000002B0AD482848
[LOG] SoundI::release                          : TraficoClaxon (000002B112620528)
[LOG] SoundI::release                          :     TraficoClaxon (000002B0A8F5B6A8)
[LOG] SoundI::release                          :     TraficoClaxon (000002B1126206D8)
[LOG] SystemI::createSound                     : filename = ..\DBL_FLS\Build\Desktop/Master.bank : mode 02010082
[LOG] SystemI::createSound                     : FMOD_NONBLOCKING specified.  Putting into queue to be opened asynchronously!
[LOG] SystemI::createSound                     : setdata soundi = 000002B0ACACC388 : node = 000002B0F546BCB0
[LOG] SystemI::createSound                     : add node to async list : head = 000002B0AA4FEA38.  list count = 0
[LOG] AsyncThread::threadFunc                  : Starting Asynchronous operation on sound 000002B0ACACC388
[LOG] SystemI::createSoundInternal             :     Create name='..\DBL_FLS\Build\Desktop/Master.bank', mode=0x02010082
[LOG] SystemI::createSoundInternal             :     exinfo->cbsize             = 224
[LOG] SystemI::createSoundInternal             :     exinfo->length             = 1997760
[LOG] SystemI::createSoundInternal             :     exinfo->fileoffset         = 15520
[LOG] SystemI::createSoundInternal             :     exinfo->numsubsounds       = 1
[LOG] SystemI::createSoundInternal             :     exinfo->inclusionlist      = 000002B0F546BDC0
[LOG] SystemI::createSoundInternal             :     exinfo->inclusionlistnum   = 1
[LOG] SystemI::createSoundInternal             :     exinfo->suggestedsoundtype = 5
[LOG] SystemI::createSoundInternal             :     exinfo->initialseekpostype = 1
[LOG] SystemI::createSoundInternal             :     Stream 0/1: name='baby-crying-07', format=5, channels=2, frequency=48000, lengthbytes=171808, lengthpcm=637824, pcmblocksize=0, loopstart=0, loopend=0, mode=0x00000000, channelmask=0x00000000, channelorder=0, peakvolume=0.910041.
[LOG] AsyncThread::threadFunc                  : Finished Asynchronous operation on sound 000002B0ACACC388
[LOG] SoundI::release                          : baby-crying-05 (000002B0F56F1DB8)
[LOG] SoundI::release                          :     baby-crying-05 (000002B110BA8368)
[LOG] SoundI::release                          :     baby-crying-05 (000002B0F56F1F68)
[LOG] Manager::readBank                        : fileversion = 135, compatVersion = 132 (oldest = 44, newest = 135)
[LOG] SystemI::createSound                     : filename = ..\DBL_FLS\Build\Desktop/Master.bank : mode 02010082
[LOG] SystemI::createSound                     : FMOD_NONBLOCKING specified.  Putting into queue to be opened asynchronously!
[LOG] SystemI::createSound                     : setdata soundi = 000002B0F56F1F68 : node = 000002B0A901B5A0
[LOG] SystemI::createSound                     : add node to async list : head = 000002B0AA4FEA38.  list count = 0
[LOG] AsyncThread::threadFunc                  : Starting Asynchronous operation on sound 000002B0F56F1F68
[LOG] SystemI::createSoundInternal             :     Create name='..\DBL_FLS\Build\Desktop/Master.bank', mode=0x02010082
[LOG] SystemI::createSoundInternal             :     exinfo->cbsize             = 224
[LOG] SystemI::createSoundInternal             :     exinfo->length             = 1997760
[LOG] SystemI::createSoundInternal             :     exinfo->fileoffset         = 15520
[LOG] SystemI::createSoundInternal             :     exinfo->numsubsounds       = 1
[LOG] SystemI::createSoundInternal             :     exinfo->inclusionlist      = 000002B0A901B6B0
[LOG] SystemI::createSoundInternal             :     exinfo->inclusionlistnum   = 1
[LOG] SystemI::createSoundInternal             :     exinfo->suggestedsoundtype = 5
[LOG] SystemI::createSoundInternal             :     exinfo->initialseekpostype = 1
[LOG] SystemI::createSoundInternal             :     Stream 0/1: name='TraficoClaxon', format=5, channels=2, frequency=48000, lengthbytes=156960, lengthpcm=671616, pcmblocksize=0, loopstart=0, loopend=0, mode=0x00000000, channelmask=0x00000000, channelorder=0, peakvolume=0.505341.
[LOG] AsyncThread::threadFunc                  : Finished Asynchronous operation on sound 000002B0F56F1F68
[LOG] SoundI::release                          : TraficoClaxon (000002B1106F9B48)
[LOG] SoundI::release                          :     TraficoClaxon (000002B0A8F5D588)
[LOG] SoundI::release                          :     TraficoClaxon (000002B0AD481FD8)
[LOG] SystemI::createSound                     : filename = ..\DBL_FLS\Build\Desktop/Master.bank : mode 02010082
[LOG] SystemI::createSound                     : FMOD_NONBLOCKING specified.  Putting into queue to be opened asynchronously!
[LOG] SystemI::createSound                     : setdata soundi = 000002B1106F9998 : node = 000002B0AC9FCD20
[LOG] SystemI::createSound                     : add node to async list : head = 000002B0AA4FEA38.  list count = 0
[LOG] AsyncThread::threadFunc                  : Starting Asynchronous operation on sound 000002B1106F9998
[LOG] SystemI::createSoundInternal             :     Create name='..\DBL_FLS\Build\Desktop/Master.bank', mode=0x02010082
[LOG] SystemI::createSoundInternal             :     exinfo->cbsize             = 224
[LOG] SystemI::createSoundInternal             :     exinfo->length             = 1997760
[LOG] SystemI::createSoundInternal             :     exinfo->fileoffset         = 15520
[LOG] SystemI::createSoundInternal             :     exinfo->numsubsounds       = 1
[LOG] SystemI::createSoundInternal             :     exinfo->inclusionlist      = 000002B0AC9FCE30
[LOG] SystemI::createSoundInternal             :     exinfo->inclusionlistnum   = 1
[LOG] SystemI::createSoundInternal             :     exinfo->suggestedsoundtype = 5
[LOG] SystemI::createSoundInternal             :     exinfo->initialseekpostype = 1
[LOG] SystemI::createSoundInternal             :     Stream 0/1: name='TraficoClaxon', format=5, channels=2, frequency=48000, lengthbytes=156960, lengthpcm=671616, pcmblocksize=0, loopstart=0, loopend=0, mode=0x00000000, channelmask=0x00000000, channelorder=0, peakvolume=0.505341.
[LOG] AsyncThread::threadFunc                  : Finished Asynchronous operation on sound 000002B1106F9998
[LOG] SystemI::createSound                     : filename = ..\DBL_FLS\Build\Desktop/Master.bank : mode 02010082
[LOG] SystemI::createSound                     : FMOD_NONBLOCKING specified.  Putting into queue to be opened asynchronously!
[LOG] SystemI::createSound                     : setdata soundi = 000002B1106F9EA8 : node = 000002B0AC9FD0E0
[LOG] SystemI::createSound                     : add node to async list : head = 000002B0AA4FEA38.  list count = 0
[LOG] AsyncThread::threadFunc                  : Starting Asynchronous operation on sound 000002B1106F9EA8
[LOG] SystemI::createSoundInternal             :     Create name='..\DBL_FLS\Build\Desktop/Master.bank', mode=0x02010082
[LOG] SystemI::createSoundInternal             :     exinfo->cbsize             = 224
[LOG] SystemI::createSoundInternal             :     exinfo->length             = 1997760
[LOG] SystemI::createSoundInternal             :     exinfo->fileoffset         = 15520
[LOG] SystemI::createSoundInternal             :     exinfo->numsubsounds       = 1
[LOG] SystemI::createSoundInternal             :     exinfo->inclusionlist      = 000002B0AC9FD1F0
[LOG] SystemI::createSoundInternal             :     exinfo->inclusionlistnum   = 1
[LOG] SystemI::createSoundInternal             :     exinfo->suggestedsoundtype = 5
[LOG] SystemI::createSoundInternal             :     exinfo->initialseekpostype = 1
[LOG] SystemI::createSoundInternal             :     Stream 0/1: name='TraficoClaxon', format=5, channels=2, frequency=48000, lengthbytes=156960, lengthpcm=671616, pcmblocksize=0, loopstart=0, loopend=0, mode=0x00000000, channelmask=0x00000000, channelorder=0, peakvolume=0.505341.
[LOG] AsyncThread::threadFunc                  : Finished Asynchronous operation on sound 000002B1106F9EA8
[LOG] SoundI::release                          : TraficoClaxon (000002B0AD482848)
[LOG] SoundI::release                          :     TraficoClaxon (000002B0A8F5CF08)
[LOG] SoundI::release                          :     TraficoClaxon (000002B11261FCB8)
[LOG] AsyncThread::threadFunc                  : Starting Asynchronous operation on sound 000002B1106F92D8
[LOG] AsyncThread::threadFunc                  : Finished Asynchronous operation on sound 000002B1106F92D8
[LOG] SoundI::release                          : TraficoClaxon (000002B0F56F1F68)
[LOG] SoundI::release                          :     TraficoClaxon (000002B0A8F5CD68)
[LOG] SoundI::release                          :     TraficoClaxon (000002B0F56F2CE8)
[LOG] Manager::readBank                        : fileversion = 135, compatVersion = 132 (oldest = 44, newest = 135)
[LOG] SoundI::release                          : TraficoClaxon (000002B1106F9998)
[LOG] SoundI::release                          :     TraficoClaxon (000002B0A8F5D0A8)
[LOG] SoundI::release                          :     TraficoClaxon (000002B1106F9488)
[LOG] SoundI::release                          : TraficoClaxon (000002B1106F9EA8)
[LOG] SoundI::release                          :     TraficoClaxon (000002B0A8F5BEC8)
[LOG] SoundI::release                          :     TraficoClaxon (000002B1106F92D8)
[LOG] SystemI::createSound                     : filename = ..\DBL_FLS\Build\Desktop/Master.bank : mode 02010082
[LOG] SystemI::createSound                     : FMOD_NONBLOCKING specified.  Putting into queue to be opened asynchronously!
[LOG] SystemI::createSound                     : setdata soundi = 000002B0F56F2E98 : node = 000002B0F546B530
[LOG] SystemI::createSound                     : add node to async list : head = 000002B0AA4FEA38.  list count = 0
[LOG] AsyncThread::threadFunc                  : Starting Asynchronous operation on sound 000002B0F56F2E98
[LOG] SystemI::createSoundInternal             :     Create name='..\DBL_FLS\Build\Desktop/Master.bank', mode=0x02010082
[LOG] SystemI::createSoundInternal             :     exinfo->cbsize             = 224
[LOG] SystemI::createSoundInternal             :     exinfo->length             = 1997760
[LOG] SystemI::createSoundInternal             :     exinfo->fileoffset         = 15520
[LOG] SystemI::createSoundInternal             :     exinfo->numsubsounds       = 1
[LOG] SystemI::createSoundInternal             :     exinfo->inclusionlist      = 000002B0F546B640
[LOG] SystemI::createSoundInternal             :     exinfo->inclusionlistnum   = 1
[LOG] SystemI::createSoundInternal             :     exinfo->suggestedsoundtype = 5
[LOG] SystemI::createSoundInternal             :     exinfo->initialseekpostype = 1
[LOG] SystemI::createSoundInternal             :     Stream 0/1: name='TraficoClaxon', format=5, channels=2, frequency=48000, lengthbytes=156960, lengthpcm=671616, pcmblocksize=0, loopstart=0, loopend=0, mode=0x00000000, channelmask=0x00000000, channelorder=0, peakvolume=0.505341.
[LOG] AsyncThread::threadFunc                  : Finished Asynchronous operation on sound 000002B0F56F2E98
[LOG] SoundI::release                          : baby-crying-07 (000002B0ACACC388)
[LOG] SoundI::release                          :     baby-crying-07 (000002B0A8F5B848)
[LOG] SoundI::release                          :     baby-crying-07 (000002B0ACACAF48)
[LOG] SoundI::release                          : TraficoClaxon (000002B0F56F2E98)
[LOG] SoundI::release                          :     TraficoClaxon (000002B0A8F5B6A8)
[LOG] SoundI::release                          :     TraficoClaxon (000002B0F56F33A8)
[LOG] SoundI::release                          :  (000002B0478781D8)
[LOG] SoundI::release                          :     footsteps_player_wood_01 (000002B110BA93A8)
[LOG] SoundI::release                          :  (000002B047878628)
[LOG] SoundI::release                          :     footsteps_player_wood_02 (000002B110BA96E8)
[LOG] SoundI::release                          :  (000002B047878D58)
[LOG] SoundI::release                          :     footsteps_player_wood_03 (000002B110BA4748)
[LOG] SoundI::release                          :  (000002B04787A008)
[LOG] SoundI::release                          :     footsteps_player_wood_04 (000002B0A8F5C888)
[LOG] SoundI::release                          :  (000002B047878A78)
[LOG] SoundI::release                          :     footsteps_player_carpet_01 (000002B110BA8EC8)
[LOG] SoundI::release                          :  (000002B047879D28)
[LOG] SoundI::release                          :     footsteps_player_carpet_02 (000002B0A8F5CA28)
[LOG] SoundI::release                          :  (000002B04787ACF8)
[LOG] SoundI::release                          :     footsteps_player_carpet_03 (000002B110BA6CA8)
[LOG] SoundI::release                          :  (000002B04787B598)
[LOG] SoundI::release                          :     footsteps_player_grass_01 (000002B110BA9208)
[LOG] SoundI::release                          :  (000002B047879BB8)
[LOG] SoundI::release                          :     footsteps_player_grass_02 (000002B110BA6B08)
[LOG] SoundI::release                          :  (000002B047878EC8)
[LOG] SoundI::release                          :     footsteps_player_grass_03 (000002B110BA9068)
[LOG] SoundI::release                          :  (000002B047994AE8)
[LOG] SoundI::release                          :     Coche (000002B0A8F5BD28)
[LOG] SoundI::release                          :  (000002B047994698)
[LOG] SoundI::release                          :     Police-Loop (000002B0A8F5D728)
[LOG] SoundI::release                          :  (000002B047994978)
[LOG] SoundI::release                          :     Camion (000002B0A8F5BB88)
[LOG] SoundI::release                          :  (000002B0479957D8)
[LOG] SoundI::release                          :     Coche1 (000002B0A8F5B1C8)
[LOG] Thread::callback                         : FMOD Studio update thread finished.
[LOG] Thread::callback                         : FMOD Studio bank load thread finished.
[LOG] Profile::disconnectAll                   : Profiler disconnecting all clients
[LOG] Thread::callback                         : FMOD Studio sample load thread finished.
[LOG] LiveUpdate::release                      : 
[LOG] LiveUpdate::reset                        : Reset connection (reason Disconnected)
[LOG] Thread::callback                         : FMOD stream thread finished.
[LOG] Thread::callback                         : FMOD mixer thread finished.
[LOG] Profile::disconnectAll                   : Profiler disconnecting all clients
[LOG] SystemI::close                           : Closed.
[LOG] Manager::readBank                        : fileversion = 135, compatVersion = 132 (oldest = 44, newest = 135)
[LOG] Manager::readBank                        : fileversion = 135, compatVersion = 132 (oldest = 44, newest = 135)
[LOG] Manager::readBank                        : fileversion = 135, compatVersion = 132 (oldest = 44, newest = 135)
[LOG] PlaybackSystem::acquireMasterBus         : Setting master channel group format to 6
[LOG] Manager::readBank                        : fileversion = 135, compatVersion = 132 (oldest = 44, newest = 135)
[LOG] Manager::readBank                        : fileversion = 135, compatVersion = 132 (oldest = 44, newest = 135)
[LOG] Manager::readBank                        : fileversion = 135, compatVersion = 132 (oldest = 44, newest = 135)
[LOG] PlaybackSystem::acquireMasterBus         : Setting master channel group format to 6
[LOG] Thread::callback                         : FMOD Studio bank load thread finished.
[LOG] Thread::callback                         : FMOD Studio sample load thread finished.
[LOG] LiveUpdate::release                      : 
[LOG] LiveUpdate::reset                        : Reset connection (reason Disconnected)
[LOG] Thread::callback                         : FMOD stream thread finished.
[LOG] Thread::callback                         : FMOD mixer thread finished.
[LOG] SystemI::close                           : Closed.
[LOG] Thread::callback                         : FMOD nonblocking thread (0) finished.
[LOG] Thread::callback                         : FMOD file thread finished.
